********************************************************************************
DUPLICATOR-LITE PACKAGE-LOG: 27 de February de 2023 16:18
NOTICE: Do NOT post to public sites or forums 
********************************************************************************
VERSION:	1.5.2.1
WORDPRESS:	6.1.1
PHP INFO:	8.1.10 | SAPI: apache2handler
SERVER:		Apache/2.4.54 (Win64) OpenSSL/1.1.1q PHP/8.1.10 
PHP TIME LIMIT: (0) no time limit imposed 
PHP MAX MEMORY: 4294967296 (512M default) 
MEMORY STACK: 44MB

********************************************************************************
DATABASE:
********************************************************************************
BUILD MODE:   PHP(query limit - 100)
MYSQLTIMEOUT: 5000
MYSQLDUMP:    Not Supported
TABLES: total:13 | filtered:0 | create:13
FILTERED: []
SQL CREATED: 20230227_wellnesszone_87365323e396a6731637_20230227161759_database.sql
SQL FILE SIZE: 556.85KB (570212)
SQL FILE TIME: 2023-02-27 16:18:37
SQL RUNTIME: 1.78 sec.

********************************************************************************
ARCHIVE (ZIP):
********************************************************************************
ARCHIVE DIR:  C:/laragon/www/proyecto
ARCHIVE FILE: 20230227_wellnesszone_87365323e396a6731637_20230227161759_archive.zip
FILTERS: *OFF*
DIRS:
	not set
FILES:
	not set
EXTS:  not set
----------------------------------------
COMPRESSING
SIZE:	117.65MB
STATS:	Dirs 809 | Files 7,570
SQL ADDED: 20230227_wellnesszone_87365323e396a6731637_20230227161759_database.sql
ZipArchive Object
(
    [lastId] => 8378
    [status] => 0
    [statusSys] => 0
    [numFiles] => 8379
    [filename] => C:\laragon\www\proyecto\wp-content\backups-dup-lite\tmp\20230227_wellnesszone_87365323e396a6731637_20230227161759_archive.zip
    [comment] => 
)

FILE ADDED TO ZIP: 8378
COMPRESSION RESULT: '1'
COMPRESSED SIZE: 71.4MB
ARCHIVE RUNTIME: 274.86 sec.
MEMORY STACK: 44MB
building installer
ARCHIVE CONSISTENCY TEST: PASS

********************************************************************************
INTEGRITY CHECKS:
********************************************************************************
SQL FILE: 556.85KB
INSTALLER FILE: 73.35KB
ARCHIVE FILE: 73.41MB 
EXPECTED FILE/DIRECTORY COUNT: 8,379
ACTUAL FILE/DIRECTORY COUNT: 8,378
ARCHIVE CONSISTENCY TEST: Pass

********************************************************************************
RECORD ID:[2]
TOTAL PROCESS RUNTIME: 292.33 sec.
PEAK PHP MEMORY USED: 46MB
DONE PROCESSING => 20230227_wellnesszone 27 de February de 2023 16:23

