********************************************************************************
DUPLICATOR-LITE PACKAGE-LOG: 27 de February de 2023 13:04
NOTICE: Do NOT post to public sites or forums 
********************************************************************************
VERSION:	1.5.2.1
WORDPRESS:	6.1.1
PHP INFO:	8.1.10 | SAPI: apache2handler
SERVER:		Apache/2.4.54 (Win64) OpenSSL/1.1.1q PHP/8.1.10 
PHP TIME LIMIT: (0) no time limit imposed 
PHP MAX MEMORY: 4294967296 (512M default) 
MEMORY STACK: 44MB

********************************************************************************
DATABASE:
********************************************************************************
BUILD MODE:   PHP(query limit - 100)
MYSQLTIMEOUT: 5000
MYSQLDUMP:    Not Supported
TABLES: total:13 | filtered:0 | create:13
FILTERED: []
SQL CREATED: 20230227_wellnesszone_0c80ed9bbba83b996067_20230227130331_database.sql
SQL FILE SIZE: 205.22KB (210144)
SQL FILE TIME: 2023-02-27 13:04:32
SQL RUNTIME: 1.62 sec.

********************************************************************************
ARCHIVE (ZIP):
********************************************************************************
ARCHIVE DIR:  C:/laragon/www/proyecto
ARCHIVE FILE: 20230227_wellnesszone_0c80ed9bbba83b996067_20230227130331_archive.zip
FILTERS: *OFF*
DIRS:
	not set
FILES:
	not set
EXTS:  not set
----------------------------------------
COMPRESSING
SIZE:	117.83MB
STATS:	Dirs 809 | Files 7,567
SQL ADDED: 20230227_wellnesszone_0c80ed9bbba83b996067_20230227130331_database.sql
ZipArchive Object
(
    [lastId] => 8375
    [status] => 0
    [statusSys] => 0
    [numFiles] => 8376
    [filename] => C:\laragon\www\proyecto\wp-content\backups-dup-lite\tmp\20230227_wellnesszone_0c80ed9bbba83b996067_20230227130331_archive.zip
    [comment] => 
)

FILE ADDED TO ZIP: 8375
COMPRESSION RESULT: '1'
COMPRESSED SIZE: 71.54MB
ARCHIVE RUNTIME: 126.24 sec.
MEMORY STACK: 44MB
building installer
ARCHIVE CONSISTENCY TEST: PASS

********************************************************************************
INTEGRITY CHECKS:
********************************************************************************
SQL FILE: 205.22KB
INSTALLER FILE: 73.35KB
ARCHIVE FILE: 73.55MB 
EXPECTED FILE/DIRECTORY COUNT: 8,376
ACTUAL FILE/DIRECTORY COUNT: 8,375
ARCHIVE CONSISTENCY TEST: Pass

********************************************************************************
RECORD ID:[1]
TOTAL PROCESS RUNTIME: 135.89 sec.
PEAK PHP MEMORY USED: 46MB
DONE PROCESSING => 20230227_wellnesszone 27 de February de 2023 13:06

